D:\01_WORK\2016Q34\02_西研所软件训练营\RELEASE_2\07.实战课程-西研\实战课程_C语言版\03_演练和实战工程\PROJECT\SUBWAYCHARGE_STUDENT\LLT\SUBWAYCHARGE.EXE
D:\01_work\2016Q34\02_西研所软件训练营\release_2\07.实战课程-西研\实战课程_C语言版\03_演练和实战工程\project\subwayCharge_student\LLT\subwayCharge.exp
D:\01_WORK\2016Q34\02_西研所软件训练营\RELEASE_2\07.实战课程-西研\实战课程_C语言版\03_演练和实战工程\PROJECT\SUBWAYCHARGE_STUDENT\LLT\SUBWAYCHARGE.ILK
D:\01_work\2016Q34\02_西研所软件训练营\release_2\07.实战课程-西研\实战课程_C语言版\03_演练和实战工程\project\subwayCharge_student\LLT\subwayCharge.lib
D:\01_WORK\2016Q34\02_西研所软件训练营\RELEASE_2\07.实战课程-西研\实战课程_C语言版\03_演练和实战工程\PROJECT\SUBWAYCHARGE_STUDENT\LLT\SUBWAYCHARGE.PDB
D:\01_WORK\2016Q34\02_西研所软件训练营\RELEASE_2\07.实战课程-西研\实战课程_C语言版\03_演练和实战工程\PROJECT\SUBWAYCHARGE_STUDENT\SUBWAYCHARGE\LLT\BASEPRICE.OBJ
D:\01_work\2016Q34\02_西研所软件训练营\release_2\07.实战课程-西研\实战课程_C语言版\03_演练和实战工程\project\subwayCharge_student\subwayCharge\LLT\cl.command.1.tlog
D:\01_work\2016Q34\02_西研所软件训练营\release_2\07.实战课程-西研\实战课程_C语言版\03_演练和实战工程\project\subwayCharge_student\subwayCharge\LLT\CL.read.1.tlog
D:\01_work\2016Q34\02_西研所软件训练营\release_2\07.实战课程-西研\实战课程_C语言版\03_演练和实战工程\project\subwayCharge_student\subwayCharge\LLT\CL.write.1.tlog
D:\01_WORK\2016Q34\02_西研所软件训练营\RELEASE_2\07.实战课程-西研\实战课程_C语言版\03_演练和实战工程\PROJECT\SUBWAYCHARGE_STUDENT\SUBWAYCHARGE\LLT\CMDCREATECARD.OBJ
D:\01_WORK\2016Q34\02_西研所软件训练营\RELEASE_2\07.实战课程-西研\实战课程_C语言版\03_演练和实战工程\PROJECT\SUBWAYCHARGE_STUDENT\SUBWAYCHARGE\LLT\CMDDEDUCTPROC.OBJ
D:\01_WORK\2016Q34\02_西研所软件训练营\RELEASE_2\07.实战课程-西研\实战课程_C语言版\03_演练和实战工程\PROJECT\SUBWAYCHARGE_STUDENT\SUBWAYCHARGE\LLT\CMDDESTROYCARD.OBJ
D:\01_WORK\2016Q34\02_西研所软件训练营\RELEASE_2\07.实战课程-西研\实战课程_C语言版\03_演练和实战工程\PROJECT\SUBWAYCHARGE_STUDENT\SUBWAYCHARGE\LLT\CMDFILLCHARGE.OBJ
D:\01_WORK\2016Q34\02_西研所软件训练营\RELEASE_2\07.实战课程-西研\实战课程_C语言版\03_演练和实战工程\PROJECT\SUBWAYCHARGE_STUDENT\SUBWAYCHARGE\LLT\CMDQUERYHISTORY.OBJ
D:\01_WORK\2016Q34\02_西研所软件训练营\RELEASE_2\07.实战课程-西研\实战课程_C语言版\03_演练和实战工程\PROJECT\SUBWAYCHARGE_STUDENT\SUBWAYCHARGE\LLT\CMDQUERYLINE.OBJ
D:\01_WORK\2016Q34\02_西研所软件训练营\RELEASE_2\07.实战课程-西研\实战课程_C语言版\03_演练和实战工程\PROJECT\SUBWAYCHARGE_STUDENT\SUBWAYCHARGE\LLT\CMDRESET.OBJ
D:\01_WORK\2016Q34\02_西研所软件训练营\RELEASE_2\07.实战课程-西研\实战课程_C语言版\03_演练和实战工程\PROJECT\SUBWAYCHARGE_STUDENT\SUBWAYCHARGE\LLT\CMDSINGLETICKET.OBJ
D:\01_WORK\2016Q34\02_西研所软件训练营\RELEASE_2\07.实战课程-西研\实战课程_C语言版\03_演练和实战工程\PROJECT\SUBWAYCHARGE_STUDENT\SUBWAYCHARGE\LLT\DEDUCTPRICE.OBJ
D:\01_work\2016Q34\02_西研所软件训练营\release_2\07.实战课程-西研\实战课程_C语言版\03_演练和实战工程\project\subwayCharge_student\subwayCharge\LLT\link.command.1.tlog
D:\01_work\2016Q34\02_西研所软件训练营\release_2\07.实战课程-西研\实战课程_C语言版\03_演练和实战工程\project\subwayCharge_student\subwayCharge\LLT\link.read.1.tlog
D:\01_work\2016Q34\02_西研所软件训练营\release_2\07.实战课程-西研\实战课程_C语言版\03_演练和实战工程\project\subwayCharge_student\subwayCharge\LLT\link.write.1.tlog
D:\01_work\2016Q34\02_西研所软件训练营\release_2\07.实战课程-西研\实战课程_C语言版\03_演练和实战工程\project\subwayCharge_student\subwayCharge\LLT\mt.command.1.tlog
D:\01_work\2016Q34\02_西研所软件训练营\release_2\07.实战课程-西研\实战课程_C语言版\03_演练和实战工程\project\subwayCharge_student\subwayCharge\LLT\mt.read.1.tlog
D:\01_work\2016Q34\02_西研所软件训练营\release_2\07.实战课程-西研\实战课程_C语言版\03_演练和实战工程\project\subwayCharge_student\subwayCharge\LLT\mt.write.1.tlog
D:\01_WORK\2016Q34\02_西研所软件训练营\RELEASE_2\07.实战课程-西研\实战课程_C语言版\03_演练和实战工程\PROJECT\SUBWAYCHARGE_STUDENT\SUBWAYCHARGE\LLT\STDAFX.OBJ
D:\01_WORK\2016Q34\02_西研所软件训练营\RELEASE_2\07.实战课程-西研\实战课程_C语言版\03_演练和实战工程\PROJECT\SUBWAYCHARGE_STUDENT\SUBWAYCHARGE\LLT\SUBWAYCARD.OBJ
D:\01_WORK\2016Q34\02_西研所软件训练营\RELEASE_2\07.实战课程-西研\实战课程_C语言版\03_演练和实战工程\PROJECT\SUBWAYCHARGE_STUDENT\SUBWAYCHARGE\LLT\SUBWAYCARD_TEST.OBJ
D:\01_WORK\2016Q34\02_西研所软件训练营\RELEASE_2\07.实战课程-西研\实战课程_C语言版\03_演练和实战工程\PROJECT\SUBWAYCHARGE_STUDENT\SUBWAYCHARGE\LLT\SUBWAYCHARGE.EXE.INTERMEDIATE.MANIFEST
D:\01_WORK\2016Q34\02_西研所软件训练营\RELEASE_2\07.实战课程-西研\实战课程_C语言版\03_演练和实战工程\PROJECT\SUBWAYCHARGE_STUDENT\SUBWAYCHARGE\LLT\SUBWAYCHARGE.OBJ
D:\01_work\2016Q34\02_西研所软件训练营\release_2\07.实战课程-西研\实战课程_C语言版\03_演练和实战工程\project\subwayCharge_student\subwayCharge\LLT\subwayCharge.write.1.tlog
D:\01_WORK\2016Q34\02_西研所软件训练营\RELEASE_2\07.实战课程-西研\实战课程_C语言版\03_演练和实战工程\PROJECT\SUBWAYCHARGE_STUDENT\SUBWAYCHARGE\LLT\SUBWAYCMDPARSE.OBJ
D:\01_WORK\2016Q34\02_西研所软件训练营\RELEASE_2\07.实战课程-西研\实战课程_C语言版\03_演练和实战工程\PROJECT\SUBWAYCHARGE_STUDENT\SUBWAYCHARGE\LLT\SUBWAYCMDPROC.OBJ
D:\01_WORK\2016Q34\02_西研所软件训练营\RELEASE_2\07.实战课程-西研\实战课程_C语言版\03_演练和实战工程\PROJECT\SUBWAYCHARGE_STUDENT\SUBWAYCHARGE\LLT\SUBWAYCOMMONSPLIT.OBJ
D:\01_WORK\2016Q34\02_西研所软件训练营\RELEASE_2\07.实战课程-西研\实战课程_C语言版\03_演练和实战工程\PROJECT\SUBWAYCHARGE_STUDENT\SUBWAYCHARGE\LLT\SUBWAYCREATECARDPROC.OBJ
D:\01_WORK\2016Q34\02_西研所软件训练营\RELEASE_2\07.实战课程-西研\实战课程_C语言版\03_演练和实战工程\PROJECT\SUBWAYCHARGE_STUDENT\SUBWAYCHARGE\LLT\SUBWAYDEDUCTPROC.OBJ
D:\01_WORK\2016Q34\02_西研所软件训练营\RELEASE_2\07.实战课程-西研\实战课程_C语言版\03_演练和实战工程\PROJECT\SUBWAYCHARGE_STUDENT\SUBWAYCHARGE\LLT\SUBWAYERROR.OBJ
D:\01_WORK\2016Q34\02_西研所软件训练营\RELEASE_2\07.实战课程-西研\实战课程_C语言版\03_演练和实战工程\PROJECT\SUBWAYCHARGE_STUDENT\SUBWAYCHARGE\LLT\SUBWAYFILLCHARGEPROC.OBJ
D:\01_WORK\2016Q34\02_西研所软件训练营\RELEASE_2\07.实战课程-西研\实战课程_C语言版\03_演练和实战工程\PROJECT\SUBWAYCHARGE_STUDENT\SUBWAYCHARGE\LLT\SUBWAYLINE.OBJ
D:\01_WORK\2016Q34\02_西研所软件训练营\RELEASE_2\07.实战课程-西研\实战课程_C语言版\03_演练和实战工程\PROJECT\SUBWAYCHARGE_STUDENT\SUBWAYCHARGE\LLT\SUBWAYLINE_TEST.OBJ
D:\01_WORK\2016Q34\02_西研所软件训练营\RELEASE_2\07.实战课程-西研\实战课程_C语言版\03_演练和实战工程\PROJECT\SUBWAYCHARGE_STUDENT\SUBWAYCHARGE\LLT\SUBWAYOUTPUT.OBJ
D:\01_WORK\2016Q34\02_西研所软件训练营\RELEASE_2\07.实战课程-西研\实战课程_C语言版\03_演练和实战工程\PROJECT\SUBWAYCHARGE_STUDENT\SUBWAYCHARGE\LLT\SUBWAYPRICE_TEST.OBJ
D:\01_WORK\2016Q34\02_西研所软件训练营\RELEASE_2\07.实战课程-西研\实战课程_C语言版\03_演练和实战工程\PROJECT\SUBWAYCHARGE_STUDENT\SUBWAYCHARGE\LLT\SUBWAYQUERYHISTORYPROC.OBJ
D:\01_WORK\2016Q34\02_西研所软件训练营\RELEASE_2\07.实战课程-西研\实战课程_C语言版\03_演练和实战工程\PROJECT\SUBWAYCHARGE_STUDENT\SUBWAYCHARGE\LLT\SUBWAYQUERYLINEPROC.OBJ
D:\01_WORK\2016Q34\02_西研所软件训练营\RELEASE_2\07.实战课程-西研\实战课程_C语言版\03_演练和实战工程\PROJECT\SUBWAYCHARGE_STUDENT\SUBWAYCHARGE\LLT\SUBWAYRESETPROC.OBJ
D:\01_WORK\2016Q34\02_西研所软件训练营\RELEASE_2\07.实战课程-西研\实战课程_C语言版\03_演练和实战工程\PROJECT\SUBWAYCHARGE_STUDENT\SUBWAYCHARGE\LLT\SUBWAYSINGLETICKETPROC.OBJ
D:\01_WORK\2016Q34\02_西研所软件训练营\RELEASE_2\07.实战课程-西研\实战课程_C语言版\03_演练和实战工程\PROJECT\SUBWAYCHARGE_STUDENT\SUBWAYCHARGE\LLT\SUBWAYSOCKET.OBJ
D:\01_work\2016Q34\02_西研所软件训练营\release_2\07.实战课程-西研\实战课程_C语言版\03_演练和实战工程\project\subwayCharge_student\subwayCharge\LLT\vc100.idb
D:\01_WORK\2016Q34\02_西研所软件训练营\RELEASE_2\07.实战课程-西研\实战课程_C语言版\03_演练和实战工程\PROJECT\SUBWAYCHARGE_STUDENT\SUBWAYCHARGE\LLT\VC100.PDB
