c:\users\ni shengwu\desktop\07-d3d4【实战】演练和实战工程\project\subwaycharge_student\subwaycharge\release\vc140.pdb
c:\users\ni shengwu\desktop\07-d3d4【实战】演练和实战工程\project\subwaycharge_student\subwaycharge\release\subwaycommonsplit.obj
c:\users\ni shengwu\desktop\07-d3d4【实战】演练和实战工程\project\subwaycharge_student\subwaycharge\release\subwaysingleticketproc.obj
c:\users\ni shengwu\desktop\07-d3d4【实战】演练和实战工程\project\subwaycharge_student\subwaycharge\release\subwayresetproc.obj
c:\users\ni shengwu\desktop\07-d3d4【实战】演练和实战工程\project\subwaycharge_student\subwaycharge\release\subwayquerylineproc.obj
c:\users\ni shengwu\desktop\07-d3d4【实战】演练和实战工程\project\subwaycharge_student\subwaycharge\release\subwayqueryhistoryproc.obj
c:\users\ni shengwu\desktop\07-d3d4【实战】演练和实战工程\project\subwaycharge_student\subwaycharge\release\subwayfillchargeproc.obj
c:\users\ni shengwu\desktop\07-d3d4【实战】演练和实战工程\project\subwaycharge_student\subwaycharge\release\subwaydeductproc.obj
c:\users\ni shengwu\desktop\07-d3d4【实战】演练和实战工程\project\subwaycharge_student\subwaycharge\release\subwaycreatecardproc.obj
c:\users\ni shengwu\desktop\07-d3d4【实战】演练和实战工程\project\subwaycharge_student\subwaycharge\release\subwaycmdparse.obj
c:\users\ni shengwu\desktop\07-d3d4【实战】演练和实战工程\project\subwaycharge_student\subwaycharge\release\cmdsingleticket.obj
c:\users\ni shengwu\desktop\07-d3d4【实战】演练和实战工程\project\subwaycharge_student\subwaycharge\release\cmdreset.obj
c:\users\ni shengwu\desktop\07-d3d4【实战】演练和实战工程\project\subwaycharge_student\subwaycharge\release\cmdqueryline.obj
c:\users\ni shengwu\desktop\07-d3d4【实战】演练和实战工程\project\subwaycharge_student\subwaycharge\release\cmdqueryhistory.obj
c:\users\ni shengwu\desktop\07-d3d4【实战】演练和实战工程\project\subwaycharge_student\subwaycharge\release\cmdfillcharge.obj
c:\users\ni shengwu\desktop\07-d3d4【实战】演练和实战工程\project\subwaycharge_student\subwaycharge\release\cmddestroycard.obj
c:\users\ni shengwu\desktop\07-d3d4【实战】演练和实战工程\project\subwaycharge_student\subwaycharge\release\cmddeductproc.obj
c:\users\ni shengwu\desktop\07-d3d4【实战】演练和实战工程\project\subwaycharge_student\subwaycharge\release\cmdcreatecard.obj
c:\users\ni shengwu\desktop\07-d3d4【实战】演练和实战工程\project\subwaycharge_student\subwaycharge\release\subwaycharge.obj
c:\users\ni shengwu\desktop\07-d3d4【实战】演练和实战工程\project\subwaycharge_student\subwaycharge\release\subwaycard.obj
c:\users\ni shengwu\desktop\07-d3d4【实战】演练和实战工程\project\subwaycharge_student\subwaycharge\release\stdafx.obj
c:\users\ni shengwu\desktop\07-d3d4【实战】演练和实战工程\project\subwaycharge_student\subwaycharge\release\subwayprice_test.obj
c:\users\ni shengwu\desktop\07-d3d4【实战】演练和实战工程\project\subwaycharge_student\subwaycharge\release\subwayline_test.obj
c:\users\ni shengwu\desktop\07-d3d4【实战】演练和实战工程\project\subwaycharge_student\subwaycharge\release\subwaycard_test.obj
c:\users\ni shengwu\desktop\07-d3d4【实战】演练和实战工程\project\subwaycharge_student\subwaycharge\release\subwaysocket.obj
c:\users\ni shengwu\desktop\07-d3d4【实战】演练和实战工程\project\subwaycharge_student\subwaycharge\release\deductprice.obj
c:\users\ni shengwu\desktop\07-d3d4【实战】演练和实战工程\project\subwaycharge_student\subwaycharge\release\baseprice.obj
c:\users\ni shengwu\desktop\07-d3d4【实战】演练和实战工程\project\subwaycharge_student\subwaycharge\release\subwayline.obj
c:\users\ni shengwu\desktop\07-d3d4【实战】演练和实战工程\project\subwaycharge_student\subwaycharge\release\subwayerror.obj
c:\users\ni shengwu\desktop\07-d3d4【实战】演练和实战工程\project\subwaycharge_student\subwaycharge\release\subwayoutput.obj
c:\users\ni shengwu\desktop\07-d3d4【实战】演练和实战工程\project\subwaycharge_student\subwaycharge\release\subwaycmdproc.obj
c:\users\ni shengwu\desktop\07-d3d4【实战】演练和实战工程\project\subwaycharge_student\release\subwaycharge.exe
c:\users\ni shengwu\desktop\07-d3d4【实战】演练和实战工程\project\subwaycharge_student\release\subwaycharge.ipdb
c:\users\ni shengwu\desktop\07-d3d4【实战】演练和实战工程\project\subwaycharge_student\release\subwaycharge.iobj
c:\users\ni shengwu\desktop\07-d3d4【实战】演练和实战工程\project\subwaycharge_student\release\subwaycharge.pdb
c:\users\ni shengwu\desktop\07-d3d4【实战】演练和实战工程\project\subwaycharge_student\subwaycharge\release\subwaycharge.tlog\cl.command.1.tlog
c:\users\ni shengwu\desktop\07-d3d4【实战】演练和实战工程\project\subwaycharge_student\subwaycharge\release\subwaycharge.tlog\cl.read.1.tlog
c:\users\ni shengwu\desktop\07-d3d4【实战】演练和实战工程\project\subwaycharge_student\subwaycharge\release\subwaycharge.tlog\cl.write.1.tlog
c:\users\ni shengwu\desktop\07-d3d4【实战】演练和实战工程\project\subwaycharge_student\subwaycharge\release\subwaycharge.tlog\link.command.1.tlog
c:\users\ni shengwu\desktop\07-d3d4【实战】演练和实战工程\project\subwaycharge_student\subwaycharge\release\subwaycharge.tlog\link.read.1.tlog
c:\users\ni shengwu\desktop\07-d3d4【实战】演练和实战工程\project\subwaycharge_student\subwaycharge\release\subwaycharge.tlog\link.write.1.tlog
