生成启动时间为 2017/1/11 23:04:04。
     1>项目“C:\Users\Ni Shengwu\Desktop\07-D3D4【实战】演练和实战工程\project\subwayCharge_student\subwayCharge\subwayCharge.vcxproj”在节点 2 上(Build 个目标)。
     1>ClCompile:
         D:\Program FilesMicrosoft Visual Studio 14.0\VC\bin\CL.exe /c /I..\subwayCharge /IsubwayCard /IsubwayCommand /IsubwayCommon /IsubwayControl /IsubwayGlobal /IsubwayLine /IsubwayPrice /IsubwaySocket /IsubwayError /ZI /nologo /W3 /WX- /Od /Oy- /D WIN32 /D _DEBUG /D _CONSOLE /D _UNICODE /D UNICODE /Gm /EHsc /RTC1 /MDd /GS /fp:precise /Zc:wchar_t /Zc:forScope /Zc:inline /Fo"Debug\\" /Fd"Debug\vc140.pdb" /Gd /TP /analyze- /errorReport:prompt subwayCard\subwayCard.cpp
         subwayCard.cpp
       Link:
         D:\Program FilesMicrosoft Visual Studio 14.0\VC\bin\link.exe /ERRORREPORT:PROMPT /OUT:"C:\Users\Ni Shengwu\Desktop\07-D3D4【实战】演练和实战工程\project\subwayCharge_student\Debug\subwayCharge.exe" /INCREMENTAL /NOLOGO ws2_32.lib kernel32.lib user32.lib gdi32.lib winspool.lib comdlg32.lib advapi32.lib shell32.lib ole32.lib oleaut32.lib uuid.lib odbc32.lib odbccp32.lib /MANIFEST /MANIFESTUAC:"level='asInvoker' uiAccess='false'" /manifest:embed /Debug /PDB:"C:\Users\Ni Shengwu\Desktop\07-D3D4【实战】演练和实战工程\project\subwayCharge_student\Debug\subwayCharge.pdb" /SUBSYSTEM:CONSOLE /TLBID:1 /DYNAMICBASE /NXCOMPAT /IMPLIB:"C:\Users\Ni Shengwu\Desktop\07-D3D4【实战】演练和实战工程\project\subwayCharge_student\Debug\subwayCharge.lib" /MACHINE:X86 Debug\stdafx.obj
         Debug\subwayCard.obj
         Debug\subwayCharge.obj
         Debug\cmdCreateCard.obj
         Debug\cmdDeductProc.obj
         Debug\cmdDestroyCard.obj
         Debug\cmdFillCharge.obj
         Debug\cmdQueryHistory.obj
         Debug\cmdQueryLine.obj
         Debug\cmdReset.obj
         Debug\cmdSingleTicket.obj
         Debug\subwayCmdParse.obj
         Debug\subwayCreateCardProc.obj
         Debug\subwayDeductProc.obj
         Debug\subwayFillChargeProc.obj
         Debug\subwayQueryHistoryProc.obj
         Debug\subwayQueryLineProc.obj
         Debug\subwayResetProc.obj
         Debug\subwaySingleTicketProc.obj
         Debug\subwayCommonSplit.obj
         Debug\subwayCmdProc.obj
         Debug\subwayOutput.obj
         Debug\subwayError.obj
         Debug\subwayline.obj
         Debug\basePrice.obj
         Debug\deductPrice.obj
         Debug\subwaySocket.obj
         Debug\subwaycard_test.obj
         Debug\subwayline_test.obj
         Debug\subwayprice_test.obj
         subwayCharge.vcxproj -> C:\Users\Ni Shengwu\Desktop\07-D3D4【实战】演练和实战工程\project\subwayCharge_student\Debug\subwayCharge.exe
     1>已完成生成项目“C:\Users\Ni Shengwu\Desktop\07-D3D4【实战】演练和实战工程\project\subwayCharge_student\subwayCharge\subwayCharge.vcxproj”(Build 个目标)的操作。

已成功生成。

已用时间 00:00:02.35
