d:\01_work\2016q34\02_西研所软件训练营\release_2\07.实战课程-西研\实战课程_c语言版\03_演练和实战工程\project\subwaycharge_student\subwaycharge\debug\cmdsingleticket.obj
d:\01_work\2016q34\02_西研所软件训练营\release_2\07.实战课程-西研\实战课程_c语言版\03_演练和实战工程\project\subwaycharge_student\subwaycharge\debug\subwaycmdparse.obj
d:\01_work\2016q34\02_西研所软件训练营\release_2\07.实战课程-西研\实战课程_c语言版\03_演练和实战工程\project\subwaycharge_student\subwaycharge\debug\subwaycreatecardproc.obj
d:\01_work\2016q34\02_西研所软件训练营\release_2\07.实战课程-西研\实战课程_c语言版\03_演练和实战工程\project\subwaycharge_student\subwaycharge\debug\subwaydeductproc.obj
d:\01_work\2016q34\02_西研所软件训练营\release_2\07.实战课程-西研\实战课程_c语言版\03_演练和实战工程\project\subwaycharge_student\subwaycharge\debug\subwayfillchargeproc.obj
d:\01_work\2016q34\02_西研所软件训练营\release_2\07.实战课程-西研\实战课程_c语言版\03_演练和实战工程\project\subwaycharge_student\subwaycharge\debug\subwayqueryhistoryproc.obj
d:\01_work\2016q34\02_西研所软件训练营\release_2\07.实战课程-西研\实战课程_c语言版\03_演练和实战工程\project\subwaycharge_student\subwaycharge\debug\subwayquerylineproc.obj
d:\01_work\2016q34\02_西研所软件训练营\release_2\07.实战课程-西研\实战课程_c语言版\03_演练和实战工程\project\subwaycharge_student\subwaycharge\debug\subwayresetproc.obj
d:\01_work\2016q34\02_西研所软件训练营\release_2\07.实战课程-西研\实战课程_c语言版\03_演练和实战工程\project\subwaycharge_student\subwaycharge\debug\subwaysingleticketproc.obj
d:\01_work\2016q34\02_西研所软件训练营\release_2\07.实战课程-西研\实战课程_c语言版\03_演练和实战工程\project\subwaycharge_student\subwaycharge\debug\subwaycommonsplit.obj
d:\01_work\2016q34\02_西研所软件训练营\release_2\07.实战课程-西研\实战课程_c语言版\03_演练和实战工程\project\subwaycharge_student\subwaycharge\debug\subwaycmdproc.obj
d:\01_work\2016q34\02_西研所软件训练营\release_2\07.实战课程-西研\实战课程_c语言版\03_演练和实战工程\project\subwaycharge_student\subwaycharge\debug\subwayoutput.obj
d:\01_work\2016q34\02_西研所软件训练营\release_2\07.实战课程-西研\实战课程_c语言版\03_演练和实战工程\project\subwaycharge_student\subwaycharge\debug\subwayerror.obj
d:\01_work\2016q34\02_西研所软件训练营\release_2\07.实战课程-西研\实战课程_c语言版\03_演练和实战工程\project\subwaycharge_student\subwaycharge\debug\subwayline.obj
d:\01_work\2016q34\02_西研所软件训练营\release_2\07.实战课程-西研\实战课程_c语言版\03_演练和实战工程\project\subwaycharge_student\subwaycharge\debug\baseprice.obj
d:\01_work\2016q34\02_西研所软件训练营\release_2\07.实战课程-西研\实战课程_c语言版\03_演练和实战工程\project\subwaycharge_student\subwaycharge\debug\deductprice.obj
d:\01_work\2016q34\02_西研所软件训练营\release_2\07.实战课程-西研\实战课程_c语言版\03_演练和实战工程\project\subwaycharge_student\subwaycharge\debug\subwaysocket.obj
d:\01_work\2016q34\02_西研所软件训练营\release_2\07.实战课程-西研\实战课程_c语言版\03_演练和实战工程\project\subwaycharge_student\subwaycharge\debug\subwaycard_test.obj
d:\01_work\2016q34\02_西研所软件训练营\release_2\07.实战课程-西研\实战课程_c语言版\03_演练和实战工程\project\subwaycharge_student\subwaycharge\debug\subwayline_test.obj
d:\01_work\2016q34\02_西研所软件训练营\release_2\07.实战课程-西研\实战课程_c语言版\03_演练和实战工程\project\subwaycharge_student\subwaycharge\debug\subwayprice_test.obj
d:\01_work\2016q34\02_西研所软件训练营\release_2\07.实战课程-西研\实战课程_c语言版\03_演练和实战工程\project\subwaycharge_student\subwaycharge\debug\stdafx.obj
d:\01_work\2016q34\02_西研所软件训练营\release_2\07.实战课程-西研\实战课程_c语言版\03_演练和实战工程\project\subwaycharge_student\subwaycharge\debug\subwaycard.obj
d:\01_work\2016q34\02_西研所软件训练营\release_2\07.实战课程-西研\实战课程_c语言版\03_演练和实战工程\project\subwaycharge_student\subwaycharge\debug\subwaycharge.obj
d:\01_work\2016q34\02_西研所软件训练营\release_2\07.实战课程-西研\实战课程_c语言版\03_演练和实战工程\project\subwaycharge_student\subwaycharge\debug\cmdcreatecard.obj
d:\01_work\2016q34\02_西研所软件训练营\release_2\07.实战课程-西研\实战课程_c语言版\03_演练和实战工程\project\subwaycharge_student\subwaycharge\debug\cmddeductproc.obj
d:\01_work\2016q34\02_西研所软件训练营\release_2\07.实战课程-西研\实战课程_c语言版\03_演练和实战工程\project\subwaycharge_student\subwaycharge\debug\cmddestroycard.obj
d:\01_work\2016q34\02_西研所软件训练营\release_2\07.实战课程-西研\实战课程_c语言版\03_演练和实战工程\project\subwaycharge_student\subwaycharge\debug\cmdfillcharge.obj
d:\01_work\2016q34\02_西研所软件训练营\release_2\07.实战课程-西研\实战课程_c语言版\03_演练和实战工程\project\subwaycharge_student\subwaycharge\debug\cmdqueryhistory.obj
d:\01_work\2016q34\02_西研所软件训练营\release_2\07.实战课程-西研\实战课程_c语言版\03_演练和实战工程\project\subwaycharge_student\subwaycharge\debug\cmdqueryline.obj
d:\01_work\2016q34\02_西研所软件训练营\release_2\07.实战课程-西研\实战课程_c语言版\03_演练和实战工程\project\subwaycharge_student\subwaycharge\debug\cmdreset.obj
d:\01_work\2016q34\02_西研所软件训练营\release_2\07.实战课程-西研\实战课程_c语言版\03_演练和实战工程\project\subwaycharge_student\subwaycharge\debug\vc100.pdb
d:\01_work\2016q34\02_西研所软件训练营\release_2\07.实战课程-西研\实战课程_c语言版\03_演练和实战工程\project\subwaycharge_student\debug\subwaycharge.ilk
d:\01_work\2016q34\02_西研所软件训练营\release_2\07.实战课程-西研\实战课程_c语言版\03_演练和实战工程\project\subwaycharge_student\debug\subwaycharge.exe
d:\01_work\2016q34\02_西研所软件训练营\release_2\07.实战课程-西研\实战课程_c语言版\03_演练和实战工程\project\subwaycharge_student\subwaycharge\debug\subwaycharge.exe.intermediate.manifest
d:\01_work\2016q34\02_西研所软件训练营\release_2\07.实战课程-西研\实战课程_c语言版\03_演练和实战工程\project\subwaycharge_student\debug\subwaycharge.pdb
d:\01_work\2016q34\02_西研所软件训练营\release_2\07.实战课程-西研\实战课程_c语言版\03_演练和实战工程\project\subwaycharge_student\subwaycharge\debug\subwaycharge.exe.embed.manifest
d:\01_work\2016q34\02_西研所软件训练营\release_2\07.实战课程-西研\实战课程_c语言版\03_演练和实战工程\project\subwaycharge_student\subwaycharge\debug\subwaycharge.exe.embed.manifest.res
c:\users\ni shengwu\desktop\07-d3d4【实战】演练和实战工程\project\subwaycharge_student\subwaycharge\debug\vc140.pdb
c:\users\ni shengwu\desktop\07-d3d4【实战】演练和实战工程\project\subwaycharge_student\subwaycharge\debug\vc140.idb
c:\users\ni shengwu\desktop\07-d3d4【实战】演练和实战工程\project\subwaycharge_student\subwaycharge\debug\cmdsingleticket.obj
c:\users\ni shengwu\desktop\07-d3d4【实战】演练和实战工程\project\subwaycharge_student\subwaycharge\debug\subwaycmdparse.obj
c:\users\ni shengwu\desktop\07-d3d4【实战】演练和实战工程\project\subwaycharge_student\subwaycharge\debug\subwaycreatecardproc.obj
c:\users\ni shengwu\desktop\07-d3d4【实战】演练和实战工程\project\subwaycharge_student\subwaycharge\debug\subwaydeductproc.obj
c:\users\ni shengwu\desktop\07-d3d4【实战】演练和实战工程\project\subwaycharge_student\subwaycharge\debug\subwayfillchargeproc.obj
c:\users\ni shengwu\desktop\07-d3d4【实战】演练和实战工程\project\subwaycharge_student\subwaycharge\debug\subwayqueryhistoryproc.obj
c:\users\ni shengwu\desktop\07-d3d4【实战】演练和实战工程\project\subwaycharge_student\subwaycharge\debug\subwayquerylineproc.obj
c:\users\ni shengwu\desktop\07-d3d4【实战】演练和实战工程\project\subwaycharge_student\subwaycharge\debug\subwayresetproc.obj
c:\users\ni shengwu\desktop\07-d3d4【实战】演练和实战工程\project\subwaycharge_student\subwaycharge\debug\subwaysingleticketproc.obj
c:\users\ni shengwu\desktop\07-d3d4【实战】演练和实战工程\project\subwaycharge_student\subwaycharge\debug\subwaycommonsplit.obj
c:\users\ni shengwu\desktop\07-d3d4【实战】演练和实战工程\project\subwaycharge_student\subwaycharge\debug\subwaycmdproc.obj
c:\users\ni shengwu\desktop\07-d3d4【实战】演练和实战工程\project\subwaycharge_student\subwaycharge\debug\subwayoutput.obj
c:\users\ni shengwu\desktop\07-d3d4【实战】演练和实战工程\project\subwaycharge_student\subwaycharge\debug\subwayerror.obj
c:\users\ni shengwu\desktop\07-d3d4【实战】演练和实战工程\project\subwaycharge_student\subwaycharge\debug\subwayline.obj
c:\users\ni shengwu\desktop\07-d3d4【实战】演练和实战工程\project\subwaycharge_student\subwaycharge\debug\baseprice.obj
c:\users\ni shengwu\desktop\07-d3d4【实战】演练和实战工程\project\subwaycharge_student\subwaycharge\debug\deductprice.obj
c:\users\ni shengwu\desktop\07-d3d4【实战】演练和实战工程\project\subwaycharge_student\subwaycharge\debug\subwaysocket.obj
c:\users\ni shengwu\desktop\07-d3d4【实战】演练和实战工程\project\subwaycharge_student\subwaycharge\debug\subwaycard_test.obj
c:\users\ni shengwu\desktop\07-d3d4【实战】演练和实战工程\project\subwaycharge_student\subwaycharge\debug\subwayline_test.obj
c:\users\ni shengwu\desktop\07-d3d4【实战】演练和实战工程\project\subwaycharge_student\subwaycharge\debug\subwayprice_test.obj
c:\users\ni shengwu\desktop\07-d3d4【实战】演练和实战工程\project\subwaycharge_student\subwaycharge\debug\stdafx.obj
c:\users\ni shengwu\desktop\07-d3d4【实战】演练和实战工程\project\subwaycharge_student\subwaycharge\debug\subwaycard.obj
c:\users\ni shengwu\desktop\07-d3d4【实战】演练和实战工程\project\subwaycharge_student\subwaycharge\debug\subwaycharge.obj
c:\users\ni shengwu\desktop\07-d3d4【实战】演练和实战工程\project\subwaycharge_student\subwaycharge\debug\cmdcreatecard.obj
c:\users\ni shengwu\desktop\07-d3d4【实战】演练和实战工程\project\subwaycharge_student\subwaycharge\debug\cmddeductproc.obj
c:\users\ni shengwu\desktop\07-d3d4【实战】演练和实战工程\project\subwaycharge_student\subwaycharge\debug\cmddestroycard.obj
c:\users\ni shengwu\desktop\07-d3d4【实战】演练和实战工程\project\subwaycharge_student\subwaycharge\debug\cmdfillcharge.obj
c:\users\ni shengwu\desktop\07-d3d4【实战】演练和实战工程\project\subwaycharge_student\subwaycharge\debug\cmdqueryhistory.obj
c:\users\ni shengwu\desktop\07-d3d4【实战】演练和实战工程\project\subwaycharge_student\subwaycharge\debug\cmdqueryline.obj
c:\users\ni shengwu\desktop\07-d3d4【实战】演练和实战工程\project\subwaycharge_student\subwaycharge\debug\cmdreset.obj
c:\users\ni shengwu\desktop\07-d3d4【实战】演练和实战工程\project\subwaycharge_student\subwaycharge\debug\cl.command.1.tlog
c:\users\ni shengwu\desktop\07-d3d4【实战】演练和实战工程\project\subwaycharge_student\subwaycharge\debug\cl.read.1.tlog
c:\users\ni shengwu\desktop\07-d3d4【实战】演练和实战工程\project\subwaycharge_student\subwaycharge\debug\cl.write.1.tlog
c:\users\ni shengwu\desktop\07-d3d4【实战】演练和实战工程\project\subwaycharge_student\subwaycharge\debug\link-cvtres.read.1.tlog
c:\users\ni shengwu\desktop\07-d3d4【实战】演练和实战工程\project\subwaycharge_student\subwaycharge\debug\link-cvtres.write.1.tlog
c:\users\ni shengwu\desktop\07-d3d4【实战】演练和实战工程\project\subwaycharge_student\subwaycharge\debug\link.85988-cvtres.read.1.tlog
c:\users\ni shengwu\desktop\07-d3d4【实战】演练和实战工程\project\subwaycharge_student\subwaycharge\debug\link.85988-cvtres.write.1.tlog
c:\users\ni shengwu\desktop\07-d3d4【实战】演练和实战工程\project\subwaycharge_student\subwaycharge\debug\link.85988.read.1.tlog
c:\users\ni shengwu\desktop\07-d3d4【实战】演练和实战工程\project\subwaycharge_student\subwaycharge\debug\link.85988.write.1.tlog
c:\users\ni shengwu\desktop\07-d3d4【实战】演练和实战工程\project\subwaycharge_student\subwaycharge\debug\link.command.1.tlog
c:\users\ni shengwu\desktop\07-d3d4【实战】演练和实战工程\project\subwaycharge_student\subwaycharge\debug\link.read.1.tlog
c:\users\ni shengwu\desktop\07-d3d4【实战】演练和实战工程\project\subwaycharge_student\subwaycharge\debug\link.write.1.tlog
c:\users\ni shengwu\desktop\07-d3d4【实战】演练和实战工程\project\subwaycharge_student\subwaycharge\debug\mt.command.1.tlog
c:\users\ni shengwu\desktop\07-d3d4【实战】演练和实战工程\project\subwaycharge_student\subwaycharge\debug\mt.read.1.tlog
c:\users\ni shengwu\desktop\07-d3d4【实战】演练和实战工程\project\subwaycharge_student\subwaycharge\debug\mt.write.1.tlog
c:\users\ni shengwu\desktop\07-d3d4【实战】演练和实战工程\project\subwaycharge_student\subwaycharge\debug\rc.command.1.tlog
c:\users\ni shengwu\desktop\07-d3d4【实战】演练和实战工程\project\subwaycharge_student\subwaycharge\debug\rc.read.1.tlog
c:\users\ni shengwu\desktop\07-d3d4【实战】演练和实战工程\project\subwaycharge_student\subwaycharge\debug\rc.write.1.tlog
c:\users\ni shengwu\desktop\07-d3d4【实战】演练和实战工程\project\subwaycharge_student\subwaycharge\debug\subwaycharge.write.1.tlog
c:\users\ni shengwu\desktop\07-d3d4【实战】演练和实战工程\project\subwaycharge_student\subwaycharge\debug\subwaycharge.exe.embed.manifest
c:\users\ni shengwu\desktop\07-d3d4【实战】演练和实战工程\project\subwaycharge_student\subwaycharge\debug\subwaycharge.exe.intermediate.manifest
c:\users\ni shengwu\desktop\07-d3d4【实战】演练和实战工程\project\subwaycharge_student\subwaycharge\debug\subwaycharge.exe.embed.manifest.res
c:\users\ni shengwu\desktop\07-d3d4【实战】演练和实战工程\project\subwaycharge_student\subwaycharge\debug\vc100.idb
c:\users\ni shengwu\desktop\07-d3d4【实战】演练和实战工程\project\subwaycharge_student\subwaycharge\debug\vc100.pdb
c:\users\ni shengwu\desktop\07-d3d4【实战】演练和实战工程\project\subwaycharge_student\subwaycharge\debug\subwaycharge_manifest.rc
c:\users\ni shengwu\desktop\07-d3d4【实战】演练和实战工程\project\subwaycharge_student\debug\subwaycharge.pdb
c:\users\ni shengwu\desktop\07-d3d4【实战】演练和实战工程\project\subwaycharge_student\subwaycharge\debug\subwaycharge.tlog\cl.command.1.tlog
c:\users\ni shengwu\desktop\07-d3d4【实战】演练和实战工程\project\subwaycharge_student\subwaycharge\debug\subwaycharge.tlog\cl.read.1.tlog
c:\users\ni shengwu\desktop\07-d3d4【实战】演练和实战工程\project\subwaycharge_student\subwaycharge\debug\subwaycharge.tlog\cl.write.1.tlog
c:\users\ni shengwu\desktop\07-d3d4【实战】演练和实战工程\project\subwaycharge_student\subwaycharge\debug\subwaycharge.tlog\link-cvtres.read.1.tlog
c:\users\ni shengwu\desktop\07-d3d4【实战】演练和实战工程\project\subwaycharge_student\subwaycharge\debug\subwaycharge.tlog\link-cvtres.write.1.tlog
c:\users\ni shengwu\desktop\07-d3d4【实战】演练和实战工程\project\subwaycharge_student\subwaycharge\debug\subwaycharge.tlog\link-rc.read.1.tlog
c:\users\ni shengwu\desktop\07-d3d4【实战】演练和实战工程\project\subwaycharge_student\subwaycharge\debug\subwaycharge.tlog\link-rc.write.1.tlog
c:\users\ni shengwu\desktop\07-d3d4【实战】演练和实战工程\project\subwaycharge_student\subwaycharge\debug\subwaycharge.tlog\link.command.1.tlog
c:\users\ni shengwu\desktop\07-d3d4【实战】演练和实战工程\project\subwaycharge_student\subwaycharge\debug\subwaycharge.tlog\link.read.1.tlog
c:\users\ni shengwu\desktop\07-d3d4【实战】演练和实战工程\project\subwaycharge_student\subwaycharge\debug\subwaycharge.tlog\link.write.1.tlog
